# JRE version: OpenJDK Runtime Environment (8.0_112-b06) (build 1.8.0_112-release-b06)
# Java VM: OpenJDK 64-Bit Server VM (25.112-b06 mixed mode windows-amd64 compressed oops)
Heap:
 PSYoungGen      total 431104K, used 388377K [0x00000000e0000000, 0x00000000ffc00000, 0x0000000100000000)
  eden space 345088K, 100% used [0x00000000e0000000,0x00000000f5100000,0x00000000f5100000)
  from space 86016K, 50% used [0x00000000fa800000,0x00000000fd246760,0x00000000ffc00000)
  to   space 87552K, 11% used [0x00000000f5100000,0x00000000f5b00148,0x00000000fa680000)
 ParOldGen       total 330752K, used 249255K [0x00000000a0000000, 0x00000000b4300000, 0x00000000e0000000)
  object space 330752K, 75% used [0x00000000a0000000,0x00000000af369e58,0x00000000b4300000)
 Metaspace       used 90516K, capacity 100672K, committed 100952K, reserved 1136640K
  class space    used 11270K, capacity 12851K, committed 12928K, reserved 1048576K
GC Heap History (10 events):
Event: 13243.975 GC heap after
Heap after GC invocations=106 (full 4):
 PSYoungGen      total 409088K, used 52870K [0x00000000e0000000, 0x0000000100000000, 0x0000000100000000)
  eden space 327680K, 0% used [0x00000000e0000000,0x00000000e0000000,0x00000000f4000000)
  from space 81408K, 64% used [0x00000000fb080000,0x00000000fe421ac0,0x0000000100000000)
  to   space 98304K, 0% used [0x00000000f4000000,0x00000000f4000000,0x00000000fa000000)
 ParOldGen       total 330752K, used 196886K [0x00000000a0000000, 0x00000000b4300000, 0x00000000e0000000)
  object space 330752K, 59% used [0x00000000a0000000,0x00000000ac0458b0,0x00000000b4300000)
 Metaspace       used 90233K, capacity 100164K, committed 100312K, reserved 1136640K
  class space    used 11240K, capacity 12763K, committed 12800K, reserved 1048576K
}
Event: 13334.425 GC heap before
{Heap before GC invocations=107 (full 4):
 PSYoungGen      total 409088K, used 380550K [0x00000000e0000000, 0x0000000100000000, 0x0000000100000000)
  eden space 327680K, 100% used [0x00000000e0000000,0x00000000f4000000,0x00000000f4000000)
  from space 81408K, 64% used [0x00000000fb080000,0x00000000fe421ac0,0x0000000100000000)
  to   space 98304K, 0% used [0x00000000f4000000,0x00000000f4000000,0x00000000fa000000)
 ParOldGen       total 330752K, used 196886K [0x00000000a0000000, 0x00000000b4300000, 0x00000000e0000000)
  object space 330752K, 59% used [0x00000000a0000000,0x00000000ac0458b0,0x00000000b4300000)
 Metaspace       used 90281K, capacity 100252K, committed 100312K, reserved 1136640K
  class space    used 11249K, capacity 12771K, committed 12800K, reserved 1048576K
Event: 13334.535 GC heap after
Heap after GC invocations=107 (full 4):
 PSYoungGen      total 425984K, used 32504K [0x00000000e0000000, 0x0000000100000000, 0x0000000100000000)
  eden space 327680K, 0% used [0x00000000e0000000,0x00000000e0000000,0x00000000f4000000)
  from space 98304K, 33% used [0x00000000f4000000,0x00000000f5fbe030,0x00000000fa000000)
  to   space 93696K, 0% used [0x00000000fa480000,0x00000000fa480000,0x0000000100000000)
 ParOldGen       total 330752K, used 222152K [0x00000000a0000000, 0x00000000b4300000, 0x00000000e0000000)
  object space 330752K, 67% used [0x00000000a0000000,0x00000000ad8f2220,0x00000000b4300000)
 Metaspace       used 90281K, capacity 100252K, committed 100312K, reserved 1136640K
  class space    used 11249K, capacity 12771K, committed 12800K, reserved 1048576K
}
Event: 13339.627 GC heap before
{Heap before GC invocations=108 (full 4):
 PSYoungGen      total 425984K, used 360184K [0x00000000e0000000, 0x0000000100000000, 0x0000000100000000)
  eden space 327680K, 100% used [0x00000000e0000000,0x00000000f4000000,0x00000000f4000000)
  from space 98304K, 33% used [0x00000000f4000000,0x00000000f5fbe030,0x00000000fa000000)
  to   space 93696K, 0% used [0x00000000fa480000,0x00000000fa480000,0x0000000100000000)
 ParOldGen       total 330752K, used 222152K [0x00000000a0000000, 0x00000000b4300000, 0x00000000e0000000)
  object space 330752K, 67% used [0x00000000a0000000,0x00000000ad8f2220,0x00000000b4300000)
 Metaspace       used 90382K, capacity 100424K, committed 100696K, reserved 1136640K
  class space    used 11261K, capacity 12811K, committed 12928K, reserved 1048576K
Event: 13339.700 GC heap after
Heap after GC invocations=108 (full 4):
 PSYoungGen      total 412160K, used 35725K [0x00000000e0000000, 0x00000000ff280000, 0x0000000100000000)
  eden space 332288K, 0% used [0x00000000e0000000,0x00000000e0000000,0x00000000f4480000)
  from space 79872K, 44% used [0x00000000fa480000,0x00000000fc7634d8,0x00000000ff280000)
  to   space 89088K, 0% used [0x00000000f4480000,0x00000000f4480000,0x00000000f9b80000)
 ParOldGen       total 330752K, used 240875K [0x00000000a0000000, 0x00000000b4300000, 0x00000000e0000000)
  object space 330752K, 72% used [0x00000000a0000000,0x00000000aeb3ae78,0x00000000b4300000)
 Metaspace       used 90382K, capacity 100424K, committed 100696K, reserved 1136640K
  class space    used 11261K, capacity 12811K, committed 12928K, reserved 1048576K
}
Event: 13867.520 GC heap before
{Heap before GC invocations=109 (full 4):
 PSYoungGen      total 412160K, used 368013K [0x00000000e0000000, 0x00000000ff280000, 0x0000000100000000)
  eden space 332288K, 100% used [0x00000000e0000000,0x00000000f4480000,0x00000000f4480000)
  from space 79872K, 44% used [0x00000000fa480000,0x00000000fc7634d8,0x00000000ff280000)
  to   space 89088K, 0% used [0x00000000f4480000,0x00000000f4480000,0x00000000f9b80000)
 ParOldGen       total 330752K, used 240875K [0x00000000a0000000, 0x00000000b4300000, 0x00000000e0000000)
  object space 330752K, 72% used [0x00000000a0000000,0x00000000aeb3ae78,0x00000000b4300000)
 Metaspace       used 90429K, capacity 100512K, committed 100696K, reserved 1136640K
  class space    used 11269K, capacity 12819K, committed 12928K, reserved 1048576K
Event: 13867.552 GC heap after
Heap after GC invocations=109 (full 4):
 PSYoungGen      total 421376K, used 3078K [0x00000000e0000000, 0x0000000100000000, 0x0000000100000000)
  eden space 332288K, 0% used [0x00000000e0000000,0x00000000e0000000,0x00000000f4480000)
  from space 89088K, 3% used [0x00000000f4480000,0x00000000f47818b0,0x00000000f9b80000)
  to   space 90112K, 0% used [0x00000000fa800000,0x00000000fa800000,0x0000000100000000)
 ParOldGen       total 330752K, used 242023K [0x00000000a0000000, 0x00000000b4300000, 0x00000000e0000000)
  object space 330752K, 73% used [0x00000000a0000000,0x00000000aec59d80,0x00000000b4300000)
 Metaspace       used 90429K, capacity 100512K, committed 100696K, reserved 1136640K
  class space    used 11269K, capacity 12819K, committed 12928K, reserved 1048576K
}
Event: 13877.597 GC heap before
{Heap before GC invocations=110 (full 4):
 PSYoungGen      total 421376K, used 335366K [0x00000000e0000000, 0x0000000100000000, 0x0000000100000000)
  eden space 332288K, 100% used [0x00000000e0000000,0x00000000f4480000,0x00000000f4480000)
  from space 89088K, 3% used [0x00000000f4480000,0x00000000f47818b0,0x00000000f9b80000)
  to   space 90112K, 0% used [0x00000000fa800000,0x00000000fa800000,0x0000000100000000)
 ParOldGen       total 330752K, used 242023K [0x00000000a0000000, 0x00000000b4300000, 0x00000000e0000000)
  object space 330752K, 73% used [0x00000000a0000000,0x00000000aec59d80,0x00000000b4300000)
 Metaspace       used 90433K, capacity 100512K, committed 100696K, reserved 1136640K
  class space    used 11269K, capacity 12819K, committed 12928K, reserved 1048576K
Event: 13877.641 GC heap after
Heap after GC invocations=110 (full 4):
 PSYoungGen      total 431104K, used 43289K [0x00000000e0000000, 0x00000000ffc00000, 0x0000000100000000)
  eden space 345088K, 0% used [0x00000000e0000000,0x00000000e0000000,0x00000000f5100000)
  from space 86016K, 50% used [0x00000000fa800000,0x00000000fd246760,0x00000000ffc00000)
  to   space 87552K, 0% used [0x00000000f5100000,0x00000000f5100000,0x00000000fa680000)
 ParOldGen       total 330752K, used 243751K [0x00000000a0000000, 0x00000000b4300000, 0x00000000e0000000)
  object space 330752K, 73% used [0x00000000a0000000,0x00000000aee09ea8,0x00000000b4300000)
 Metaspace       used 90433K, capacity 100512K, committed 100696K, reserved 1136640K
  class space    used 11269K, capacity 12819K, committed 12928K, reserved 1048576K
}
Event: 13898.109 GC heap before
{Heap before GC invocations=111 (full 4):
 PSYoungGen      total 431104K, used 388377K [0x00000000e0000000, 0x00000000ffc00000, 0x0000000100000000)
  eden space 345088K, 100% used [0x00000000e0000000,0x00000000f5100000,0x00000000f5100000)
  from space 86016K, 50% used [0x00000000fa800000,0x00000000fd246760,0x00000000ffc00000)
  to   space 87552K, 0% used [0x00000000f5100000,0x00000000f5100000,0x00000000fa680000)
 ParOldGen       total 330752K, used 243751K [0x00000000a0000000, 0x00000000b4300000, 0x00000000e0000000)
  object space 330752K, 73% used [0x00000000a0000000,0x00000000aee09ea8,0x00000000b4300000)
 Metaspace       used 90516K, capacity 100672K, committed 100952K, reserved 1136640K
  class space    used 11270K, capacity 12851K, committed 12928K, reserved 1048576K

